[2022-07-19 12:25:59] error: [test] This is an error
[2022-07-19 13:49:43] error: [test] This is an error
[2022-07-19 13:52:47] error: [login] Failed to login to Discord
[2022-07-19 13:53:03] error: [login] Failed to login to Discord
[2022-07-19 13:53:24] error: [login] Failed to login to Discord
[2022-07-19 13:53:41] error: [login] Failed to login to Discord
[2022-07-19 13:55:16] error: [login] Failed to login to Discord
[2022-07-19 13:55:24] error: [login] Failed to login to Discord
[2022-07-19 13:58:46] error: [login] Error [DisallowedIntents]: Privileged intent provided is not enabled or whitelisted.
[2022-07-19 14:01:01] info: [undefined] Logged in successfully as Cruelty Supreme#5218
[2022-07-19 14:02:20] info: [undefined] Logged in successfully as Cruelty Supreme#5218
[2022-07-19 14:02:32] info: [login] Logged in successfully as Cruelty Supreme#5218
[2022-07-19 14:03:46] info: [login] Logged in successfully as Cruelty Supreme#5218
[2022-07-19 14:04:41] info: [login] Logged in successfully as Cruelty Supreme#5218
[2022-07-19 14:04:48] info: [login] Logged in successfully as Cruelty Supreme#5218
[2022-07-19 14:08:13] info: [login] Logged in successfully as Cruelty Supreme#5218
[2022-07-19 14:08:31] info: [login] Logged in successfully as Cruelty Supreme#5218
[2022-07-19 14:09:37] info: [login] Logged in successfully as Cruelty Supreme#5218
[2022-07-19 14:50:25] info: [login] Logged in successfully as Cruelty Supreme#5218
[2022-07-19 14:51:45] info: [login] Logged in successfully as Cruelty Supreme#5218
[2022-07-19 14:52:26] info: [login] Logged in successfully as Cruelty Supreme#5218
[2022-07-19 14:52:42] info: [login] Logged in successfully as Cruelty Supreme#5218
[2022-07-19 14:58:07] info: [login] Logged in successfully as Cruelty Supreme#5218
[2022-07-19 14:59:07] info: [login] Logged in successfully as Cruelty Supreme#5218
[2022-07-19 15:02:36] info: [login] Logged in successfully as Cruelty Supreme#5218
[2022-07-19 15:03:34] info: [login] Logged in successfully as Cruelty Supreme#5218
[2022-07-19 15:04:53] info: [login] Logged in successfully as Cruelty Supreme#5218
[2022-07-19 15:07:14] info: [login] Logged in successfully as Cruelty Supreme#5218
[2022-07-19 22:13:59] info: [login] Logged in as Cruelty Supreme#5218!
[2022-07-19 22:14:21] info: [login] Logged in as Cruelty Supreme#5218!
[2022-07-19 22:15:21] info: [login] Logged in as Cruelty Supreme#5218!
[2022-07-19 22:15:36] info: [login] Logged in as Cruelty Supreme#5218!
[2022-07-19 22:19:32] info: [login] Logged in as Cruelty Supreme#5218!
[2022-07-19 22:22:16] info: [login] Logged in as Cruelty Supreme#5218!
[2022-07-19 22:35:38] info: [login] Logged in as Cruelty Supreme#5218!
[2022-07-19 22:38:44] info: [login] Logged in as Cruelty Supreme#5218!
[2022-07-19 22:38:45] info: [login] Successfully updated commands!
[2022-07-19 22:40:26] info: [login] Logged in as Cruelty Supreme#5218!
[2022-07-19 22:40:26] info: [login] Successfully updated commands!
[2022-07-19 22:41:41] info: [login] Logged in as Cruelty Supreme#5218!
[2022-07-19 22:41:41] info: [login] Successfully updated commands!
[2022-07-19 22:42:00] info: [login] Logged in as Cruelty Supreme#5218!
[2022-07-19 22:42:00] info: [login] Successfully updated commands!
[2022-07-19 22:42:32] info: [login] Logged in as Cruelty Supreme#5218!
[2022-07-19 22:42:42] info: [login] Successfully updated commands!
[2022-07-19 22:42:46] info: [login] Logged in as Cruelty Supreme#5218!
[2022-07-19 22:42:46] info: [login] Successfully updated commands!
[2022-07-19 22:43:02] info: [login] Logged in as Cruelty Supreme#5218!
[2022-07-19 22:43:42] info: [login] Successfully updated commands!
[2022-07-19 22:44:46] info: [login] Logged in as Cruelty Supreme#5218!
[2022-07-19 22:44:47] info: [login] Successfully updated commands!
[2022-07-19 22:45:27] info: [login] Logged in as Cruelty Supreme#5218!
[2022-07-19 22:45:28] info: [login] Successfully updated commands!
[2022-07-19 22:48:06] info: [login] Logged in as Cruelty Supreme#5218!
[2022-07-19 22:48:06] info: [login] Successfully updated commands!
[2022-07-19 22:55:24] info: [login] Logged in as Cruelty Supreme#5218!
[2022-07-19 22:55:24] info: [login] Successfully updated commands!
[2022-07-19 22:56:07] info: [login] Logged in as Cruelty Supreme#5218!
[2022-07-19 22:56:07] info: [login] Successfully updated commands!
[2022-07-19 22:58:42] info: [login] Logged in as Cruelty Supreme#5218!
[2022-07-19 22:58:42] info: [login] Successfully updated commands!
[2022-07-19 22:58:50] info: [login] Logged in as Cruelty Supreme#5218!
[2022-07-19 22:58:50] info: [login] Successfully updated commands!
[2022-07-19 22:59:15] info: [login] Logged in as Cruelty Supreme#5218!
[2022-07-19 22:59:43] info: [login] Successfully updated commands!
[2022-07-19 22:59:45] info: [login] Logged in as Cruelty Supreme#5218!
[2022-07-19 22:59:45] info: [login] Successfully updated commands!
[2022-07-19 22:59:58] info: [login] Logged in as Cruelty Supreme#5218!
[2022-07-19 23:00:06] info: [login] Logged in as Cruelty Supreme#5218!
[2022-07-19 23:00:34] info: [login] Logged in as Cruelty Supreme#5218!
[2022-07-19 23:00:43] info: [login] Successfully updated commands!
[2022-07-19 23:00:50] info: [login] Logged in as Cruelty Supreme#5218!
[2022-07-19 23:00:51] info: [login] Successfully updated commands!
[2022-07-19 23:00:57] info: [login] Logged in as Cruelty Supreme#5218!
[2022-07-19 23:01:12] info: [login] Logged in as Cruelty Supreme#5218!
[2022-07-19 23:01:43] info: [login] Successfully updated commands!
[2022-07-19 23:04:02] info: [login] Logged in as Cruelty Supreme#5218!
[2022-07-19 23:04:03] info: [login] Successfully updated commands!
[2022-07-19 23:04:52] info: [login] Logged in as Cruelty Supreme#5218!
[2022-07-19 23:04:52] info: [login] Successfully updated commands!
[2022-07-19 23:06:00] info: [login] Logged in as Cruelty Supreme#5218!
[2022-07-19 23:06:00] info: [login] Successfully updated commands!
[2022-07-19 23:12:52] info: [login] Logged in as Cruelty Supreme#5218!
[2022-07-19 23:12:52] info: [login] Successfully updated commands!
[2022-07-20 00:39:04] info: [login] Logged in as Cruelty Supreme#5218!
[2022-07-20 00:39:05] info: [login] Successfully updated commands!
[2022-07-20 00:43:37] info: [login] Logged in as Cruelty Supreme#5218!
[2022-07-20 00:43:37] info: [login] Successfully updated commands!
[2022-07-20 00:44:06] info: [login] Logged in as Cruelty Supreme#5218!
[2022-07-20 00:44:06] info: [login] Successfully updated commands!
[2022-07-26 13:11:57] info: [login] Logged in as Cruelty Supreme#5218!
[2022-07-26 13:11:57] info: [login] Successfully updated commands!
[2022-07-26 13:15:23] info: [login] Logged in as Cruelty Supreme#5218!
[2022-07-26 13:15:23] info: [login] Successfully updated commands!
[2022-07-26 13:16:31] info: [login] Logged in as Cruelty Supreme#5218!
[2022-07-26 13:16:31] info: [login] Successfully updated commands!
[2022-07-26 13:43:33] info: [login] Logged in as Cruelty Supreme#5218!
[2022-07-26 13:43:34] info: [login] Successfully updated commands!
[2022-07-26 14:26:58] info: [login] Logged in as Cruelty Supreme#5218!
[2022-07-26 14:26:58] info: [login] Successfully updated commands!
[2022-07-26 14:43:32] info: [login] Logged in as Cruelty Supreme#5218!
[2022-07-26 14:43:32] info: [login] Successfully updated commands!
[2022-07-26 14:44:45] info: [login] Logged in as Cruelty Supreme#5218!
[2022-07-26 14:44:45] error: [login] TypeError: Cannot read properties of undefined (reading 'toJSON')
[2022-07-26 14:48:23] info: [login] Logged in as Cruelty Supreme#5218!
[2022-07-26 14:48:23] info: [login] Successfully updated commands!
[2022-07-26 14:48:35] info: [login] Logged in as Cruelty Supreme#5218!
[2022-07-26 14:48:36] info: [login] Successfully updated commands!
[2022-07-26 14:52:35] info: [login] Logged in as Cruelty Supreme#5218!
[2022-07-26 14:52:35] info: [login] Successfully updated commands!
[2022-07-26 14:52:48] info: [login] Logged in as Cruelty Supreme#5218!
[2022-07-26 14:52:48] info: [login] Successfully updated commands!
[2022-07-26 14:54:48] info: [login] Logged in as Cruelty Supreme#5218!
[2022-07-26 14:54:49] info: [login] Successfully updated commands!
[2022-07-26 14:55:46] info: [login] Logged in as Cruelty Supreme#5218!
[2022-07-26 14:55:46] info: [login] Successfully updated commands!
[2022-07-26 14:56:04] info: [login] Logged in as Cruelty Supreme#5218!
[2022-07-26 14:56:04] info: [login] Successfully updated commands!
[2022-07-26 14:57:03] info: [login] Logged in as Cruelty Supreme#5218!
[2022-07-26 14:57:04] info: [login] Successfully updated commands!
[2022-07-26 14:59:38] info: [login] Logged in as Cruelty Supreme#5218!
[2022-07-26 14:59:38] info: [login] Successfully updated commands!
[2022-07-26 15:01:18] info: [login] Logged in as Cruelty Supreme#5218!
[2022-07-26 15:01:18] info: [login] Successfully updated commands!
[2022-07-26 15:02:00] info: [login] Logged in as Cruelty Supreme#5218!
[2022-07-26 15:02:00] info: [login] Successfully updated commands!
[2022-07-26 15:02:23] info: [login] Logged in as Cruelty Supreme#5218!
[2022-07-26 15:02:23] info: [login] Successfully updated commands!
[2022-07-26 15:06:25] info: [login] Logged in as Cruelty Supreme#5218!
[2022-07-26 15:06:25] info: [login] Successfully updated commands!
[2022-07-26 15:07:42] info: [login] Logged in as Cruelty Supreme#5218!
[2022-07-26 15:07:42] info: [login] Successfully updated commands!
[2022-07-26 15:08:14] info: [login] Logged in as Cruelty Supreme#5218!
[2022-07-26 15:08:14] info: [login] Successfully updated commands!
